<html>
<head>
<title>TestNG:  Test</title>
<link href="../testng.css" rel="stylesheet" type="text/css" />
<link href="../my-testng.css" rel="stylesheet" type="text/css" />

<style type="text/css">
.log { display: none;} 
.stack-trace { display: none;} 
</style>
<script type="text/javascript">
<!--
function flip(e) {
  current = e.style.display;
  if (current == 'block') {
    e.style.display = 'none';
    return 0;
  }
  else {
    e.style.display = 'block';
    return 1;
  }
}

function toggleBox(szDivId, elem, msg1, msg2)
{
  var res = -1;  if (document.getElementById) {
    res = flip(document.getElementById(szDivId));
  }
  else if (document.all) {
    // this is the way old msie versions work
    res = flip(document.all[szDivId]);
  }
  if(elem) {
    if(res == 0) elem.innerHTML = msg1; else elem.innerHTML = msg2;
  }

}

function toggleAllBoxes() {
  if (document.getElementsByTagName) {
    d = document.getElementsByTagName('div');
    for (i = 0; i < d.length; i++) {
      if (d[i].className == 'log') {
        flip(d[i]);
      }
    }
  }
}

// -->
</script>

</head>
<body>
<h2 align='center'>Test</h2><table border='1' align="center">
<tr>
<td>Tests passed/Failed/Skipped:</td><td>0/0/21</td>
</tr><tr>
<td>Started on:</td><td>Tue Mar 21 16:48:54 IST 2017</td>
</tr>
<tr><td>Total time:</td><td>0 seconds (78 ms)</td>
</tr><tr>
<td>Included groups:</td><td></td>
</tr><tr>
<td>Excluded groups:</td><td></td>
</tr>
</table><p/>
<small><i>(Hover the method name to see the test class name)</i></small><p/>
<table width='100%' border='1' class='invocation-failed'>
<tr><td colspan='4' align='center'><b>FAILED CONFIGURATIONS</b></td></tr>
<tr><td><b>Test method</b></td>
<td width="30%"><b>Exception</b></td>
<td width="10%"><b>Time (seconds)</b></td>
<td><b>Instance</b></td>
</tr>
<tr>
<td title='bw_dd_core.Page.init()'><b>init</b><br>Test class: bw_dd_core.Page</td>
<td><div><pre>org.openqa.selenium.WebDriverException: unknown error: cannot get automation extension
from chrome not reachable
  (Session info: chrome=56.0.2924.87)
  (Driver info: chromedriver=2.24.417431 (9aea000394714d2fbb20850021f6204f2256b9cf),platform=Windows NT 6.3.9600 x86_64) (WARNING: The server did not provide any stacktrace information)
Command duration or timeout: 2.02 seconds
Build info: version: &apos;2.53.0&apos;, revision: &apos;35ae25b&apos;, time: &apos;2016-03-15 16:57:40&apos;
System info: host: &apos;TIGUNVTIWRL0002&apos;, ip: &apos;192.168.56.1&apos;, os.name: &apos;Windows 8.1&apos;, os.arch: &apos;amd64&apos;, os.version: &apos;6.3&apos;, java.version: &apos;1.8.0_101&apos;
Driver info: org.openqa.selenium.chrome.ChromeDriver
Capabilities [{applicationCacheEnabled=false, rotatable=false, mobileEmulationEnabled=false, networkConnectionEnabled=false, chrome={chromedriverVersion=2.24.417431 (9aea000394714d2fbb20850021f6204f2256b9cf), userDataDir=C:\Users\ASHISH~1.TAN\AppData\Local\Temp\scoped_dir7196_28945}, takesHeapSnapshot=true, pageLoadStrategy=normal, databaseEnabled=false, handlesAlerts=true, hasTouchScreen=false, version=56.0.2924.87, platform=WIN8_1, browserConnectionEnabled=false, nativeEvents=true, acceptSslCerts=true, locationContextEnabled=true, webStorageEnabled=true, browserName=chrome, takesScreenshot=true, javascriptEnabled=true, cssSelectorsEnabled=true}]
Session ID: 7448d6d20a020a500cdeb142b75dceb1
	at org.openqa.selenium.remote.ErrorHandler.createThrowable(ErrorHandler.java:206)
	at org.openqa.selenium.remote.ErrorHandler.throwIfResponseFailed(ErrorHandler.java:158)
	at org.openqa.selenium.remote.RemoteWebDriver.execute(RemoteWebDriver.java:678)
	at org.openqa.selenium.remote.RemoteWebDriver$RemoteWebDriverOptions$RemoteWindow.maximize(RemoteWebDriver.java:945)
	at bw_dd_core.Page.init(Page.java:68)
... Removed 22 stack frames</pre></div><a href='#' onClick='toggleBox("stack-trace137275020", this, "Click to show all stack frames", "Click to hide stack frames")'>Click to show all stack frames</a>
<div class='stack-trace' id='stack-trace137275020'><pre>org.openqa.selenium.WebDriverException: unknown error: cannot get automation extension
from chrome not reachable
  (Session info: chrome=56.0.2924.87)
  (Driver info: chromedriver=2.24.417431 (9aea000394714d2fbb20850021f6204f2256b9cf),platform=Windows NT 6.3.9600 x86_64) (WARNING: The server did not provide any stacktrace information)
Command duration or timeout: 2.02 seconds
Build info: version: &apos;2.53.0&apos;, revision: &apos;35ae25b&apos;, time: &apos;2016-03-15 16:57:40&apos;
System info: host: &apos;TIGUNVTIWRL0002&apos;, ip: &apos;192.168.56.1&apos;, os.name: &apos;Windows 8.1&apos;, os.arch: &apos;amd64&apos;, os.version: &apos;6.3&apos;, java.version: &apos;1.8.0_101&apos;
Driver info: org.openqa.selenium.chrome.ChromeDriver
Capabilities [{applicationCacheEnabled=false, rotatable=false, mobileEmulationEnabled=false, networkConnectionEnabled=false, chrome={chromedriverVersion=2.24.417431 (9aea000394714d2fbb20850021f6204f2256b9cf), userDataDir=C:\Users\ASHISH~1.TAN\AppData\Local\Temp\scoped_dir7196_28945}, takesHeapSnapshot=true, pageLoadStrategy=normal, databaseEnabled=false, handlesAlerts=true, hasTouchScreen=false, version=56.0.2924.87, platform=WIN8_1, browserConnectionEnabled=false, nativeEvents=true, acceptSslCerts=true, locationContextEnabled=true, webStorageEnabled=true, browserName=chrome, takesScreenshot=true, javascriptEnabled=true, cssSelectorsEnabled=true}]
Session ID: 7448d6d20a020a500cdeb142b75dceb1
	at sun.reflect.NativeConstructorAccessorImpl.newInstance0(Native Method)
	at sun.reflect.NativeConstructorAccessorImpl.newInstance(NativeConstructorAccessorImpl.java:62)
	at sun.reflect.DelegatingConstructorAccessorImpl.newInstance(DelegatingConstructorAccessorImpl.java:45)
	at java.lang.reflect.Constructor.newInstance(Constructor.java:423)
	at org.openqa.selenium.remote.ErrorHandler.createThrowable(ErrorHandler.java:206)
	at org.openqa.selenium.remote.ErrorHandler.throwIfResponseFailed(ErrorHandler.java:158)
	at org.openqa.selenium.remote.RemoteWebDriver.execute(RemoteWebDriver.java:678)
	at org.openqa.selenium.remote.RemoteWebDriver$RemoteWebDriverOptions$RemoteWindow.maximize(RemoteWebDriver.java:945)
	at bw_dd_core.Page.init(Page.java:68)
	at sun.reflect.NativeMethodAccessorImpl.invoke0(Native Method)
	at sun.reflect.NativeMethodAccessorImpl.invoke(NativeMethodAccessorImpl.java:62)
	at sun.reflect.DelegatingMethodAccessorImpl.invoke(DelegatingMethodAccessorImpl.java:43)
	at java.lang.reflect.Method.invoke(Method.java:498)
	at org.testng.internal.MethodInvocationHelper.invokeMethod(MethodInvocationHelper.java:85)
	at org.testng.internal.Invoker.invokeConfigurationMethod(Invoker.java:510)
	at org.testng.internal.Invoker.invokeConfigurations(Invoker.java:211)
	at org.testng.internal.Invoker.invokeConfigurations(Invoker.java:138)
	at org.testng.SuiteRunner.privateRun(SuiteRunner.java:298)
	at org.testng.SuiteRunner.run(SuiteRunner.java:261)
	at org.testng.SuiteRunnerWorker.runSuite(SuiteRunnerWorker.java:52)
	at org.testng.SuiteRunnerWorker.run(SuiteRunnerWorker.java:86)
	at org.testng.TestNG.runSuitesSequentially(TestNG.java:1215)
	at org.testng.TestNG.runSuitesLocally(TestNG.java:1140)
	at org.testng.TestNG.run(TestNG.java:1048)
	at org.testng.remote.AbstractRemoteTestNG.run(AbstractRemoteTestNG.java:132)
	at org.testng.remote.RemoteTestNG.initAndRun(RemoteTestNG.java:230)
	at org.testng.remote.RemoteTestNG.main(RemoteTestNG.java:76)
</pre></div></td>
<td>0</td>
<td>null</td></tr>
</table><p>
<table width='100%' border='1' class='invocation-skipped'>
<tr><td colspan='4' align='center'><b>SKIPPED CONFIGURATIONS</b></td></tr>
<tr><td><b>Test method</b></td>
<td width="30%"><b>Exception</b></td>
<td width="10%"><b>Time (seconds)</b></td>
<td><b>Instance</b></td>
</tr>
<tr>
<td title='bw_dd_testcases.AccountSanity.isSkip()'><b>isSkip</b><br>Test class: bw_dd_testcases.AccountSanity</td>
<td></td>
<td>0</td>
<td>null</td></tr>
<tr>
<td title='bw_dd_testcases.AccountSanity.isSkip()'><b>isSkip</b><br>Test class: bw_dd_testcases.AccountSanity</td>
<td></td>
<td>0</td>
<td>null</td></tr>
<tr>
<td title='bw_dd_testcases.AccountSanity.logout()'><b>logout</b><br>Test class: bw_dd_testcases.AccountSanity</td>
<td></td>
<td>0</td>
<td>null</td></tr>
<tr>
<td title='bw_dd_testcases.AccountSanity.logout()'><b>logout</b><br>Test class: bw_dd_testcases.AccountSanity</td>
<td></td>
<td>0</td>
<td>null</td></tr>
</table><p>
<table width='100%' border='1' class='invocation-skipped'>
<tr><td colspan='4' align='center'><b>SKIPPED TESTS</b></td></tr>
<tr><td><b>Test method</b></td>
<td width="30%"><b>Exception</b></td>
<td width="10%"><b>Time (seconds)</b></td>
<td><b>Instance</b></td>
</tr>
<tr>
<td title='bw_dd_testcases.AccountSanity.AccountDashboard()'><b>AccountDashboard</b><br>Test class: bw_dd_testcases.AccountSanity</td>
<td></td>
<td>0</td>
<td>bw_dd_testcases.AccountSanity@3d74bf60</td></tr>
<tr>
<td title='bw_dd_testcases.SalesSanity.CreateAccount()'><b>CreateAccount</b><br>Test class: bw_dd_testcases.SalesSanity</td>
<td></td>
<td>0</td>
<td>bw_dd_testcases.SalesSanity@15c43bd9</td></tr>
<tr>
<td title='bw_dd_testcases.AccountSanity.CreateAccount()'><b>CreateAccount</b><br>Test class: bw_dd_testcases.AccountSanity</td>
<td></td>
<td>0</td>
<td>bw_dd_testcases.AccountSanity@3d74bf60</td></tr>
<tr>
<td title='bw_dd_testcases.SalesSanity.CreateExecutive()'><b>CreateExecutive</b><br>Test class: bw_dd_testcases.SalesSanity</td>
<td></td>
<td>0</td>
<td>bw_dd_testcases.SalesSanity@15c43bd9</td></tr>
<tr>
<td title='bw_dd_testcases.AccountSanity.CreateExecutive()'><b>CreateExecutive</b><br>Test class: bw_dd_testcases.AccountSanity</td>
<td></td>
<td>0</td>
<td>bw_dd_testcases.AccountSanity@3d74bf60</td></tr>
<tr>
<td title='bw_dd_testcases.SalesSanity.CreateLead()'><b>CreateLead</b><br>Test class: bw_dd_testcases.SalesSanity</td>
<td></td>
<td>0</td>
<td>bw_dd_testcases.SalesSanity@15c43bd9</td></tr>
<tr>
<td title='bw_dd_testcases.SalesSanity.ExecutiveDashboard()'><b>ExecutiveDashboard</b><br>Test class: bw_dd_testcases.SalesSanity</td>
<td></td>
<td>0</td>
<td>bw_dd_testcases.SalesSanity@15c43bd9</td></tr>
<tr>
<td title='bw_dd_testcases.AccountSanity.ExecutiveDashboard()'><b>ExecutiveDashboard</b><br>Test class: bw_dd_testcases.AccountSanity</td>
<td></td>
<td>0</td>
<td>bw_dd_testcases.AccountSanity@3d74bf60</td></tr>
<tr>
<td title='bw_dd_testcases.SalesSanity.Invoices()'><b>Invoices</b><br>Test class: bw_dd_testcases.SalesSanity</td>
<td></td>
<td>0</td>
<td>bw_dd_testcases.SalesSanity@15c43bd9</td></tr>
<tr>
<td title='bw_dd_testcases.SalesSanity.LeadDashboard()'><b>LeadDashboard</b><br>Test class: bw_dd_testcases.SalesSanity</td>
<td></td>
<td>0</td>
<td>bw_dd_testcases.SalesSanity@15c43bd9</td></tr>
<tr>
<td title='bw_dd_testcases.SalesSanity.ManageProduct()'><b>ManageProduct</b><br>Test class: bw_dd_testcases.SalesSanity</td>
<td></td>
<td>0</td>
<td>bw_dd_testcases.SalesSanity@15c43bd9</td></tr>
<tr>
<td title='bw_dd_testcases.AccountSanity.ManageProduct()'><b>ManageProduct</b><br>Test class: bw_dd_testcases.AccountSanity</td>
<td></td>
<td>0</td>
<td>bw_dd_testcases.AccountSanity@3d74bf60</td></tr>
<tr>
<td title='bw_dd_testcases.AccountSanity.ManagePublication()'><b>ManagePublication</b><br>Test class: bw_dd_testcases.AccountSanity</td>
<td></td>
<td>0</td>
<td>bw_dd_testcases.AccountSanity@3d74bf60</td></tr>
<tr>
<td title='bw_dd_testcases.SalesSanity.RecordSales()'><b>RecordSales</b><br>Test class: bw_dd_testcases.SalesSanity</td>
<td></td>
<td>0</td>
<td>bw_dd_testcases.SalesSanity@15c43bd9</td></tr>
<tr>
<td title='bw_dd_testcases.SalesSanity.SalesDashboard()'><b>SalesDashboard</b><br>Test class: bw_dd_testcases.SalesSanity</td>
<td></td>
<td>0</td>
<td>bw_dd_testcases.SalesSanity@15c43bd9</td></tr>
<tr>
<td title='bw_dd_testcases.AccountSanity.createBrand()'><b>createBrand</b><br>Test class: bw_dd_testcases.AccountSanity</td>
<td></td>
<td>0</td>
<td>bw_dd_testcases.AccountSanity@3d74bf60</td></tr>
<tr>
<td title='bw_dd_testcases.AccountSanity.createManager()'><b>createManager</b><br>Test class: bw_dd_testcases.AccountSanity</td>
<td></td>
<td>0</td>
<td>bw_dd_testcases.AccountSanity@3d74bf60</td></tr>
<tr>
<td title='bw_dd_testcases.SalesSanity.login()'><b>login</b><br>Test class: bw_dd_testcases.SalesSanity</td>
<td></td>
<td>0</td>
<td>bw_dd_testcases.SalesSanity@15c43bd9</td></tr>
<tr>
<td title='bw_dd_testcases.AccountSanity.login()'><b>login</b><br>Test class: bw_dd_testcases.AccountSanity</td>
<td></td>
<td>0</td>
<td>bw_dd_testcases.AccountSanity@3d74bf60</td></tr>
<tr>
<td title='bw_dd_testcases.AccountSanity.manageBrand()'><b>manageBrand</b><br>Test class: bw_dd_testcases.AccountSanity</td>
<td></td>
<td>0</td>
<td>bw_dd_testcases.AccountSanity@3d74bf60</td></tr>
<tr>
<td title='bw_dd_testcases.AccountSanity.manageManager()'><b>manageManager</b><br>Test class: bw_dd_testcases.AccountSanity</td>
<td></td>
<td>0</td>
<td>bw_dd_testcases.AccountSanity@3d74bf60</td></tr>
</table><p>
</body>
</html>