<?xml version="1.0" encoding="UTF-8"?>
<!-- Generated by org.testng.reporters.JUnitXMLReporter -->
<testsuite hostname="TIGUNVTIWRL0002" name="Test" tests="21" failures="0" timestamp="21 Mar 2017 11:18:54 GMT" time="0.078" errors="0">
  <testcase name="@BeforeSuite init" time="0.0" classname="bw_dd_core.Page">
    <failure type="org.openqa.selenium.WebDriverException" message="unknown error: cannot get automation extension
from chrome not reachable
  (Session info: chrome=56.0.2924.87)
  (Driver info: chromedriver=2.24.417431 (9aea000394714d2fbb20850021f6204f2256b9cf),platform=Windows NT 6.3.9600 x86_64) (WARNING: The server did not provide any stacktrace information)
Command duration or timeout: 2.02 seconds
Build info: version: &amp;apos;2.53.0&amp;apos;, revision: &amp;apos;35ae25b&amp;apos;, time: &amp;apos;2016-03-15 16:57:40&amp;apos;
System info: host: &amp;apos;TIGUNVTIWRL0002&amp;apos;, ip: &amp;apos;192.168.56.1&amp;apos;, os.name: &amp;apos;Windows 8.1&amp;apos;, os.arch: &amp;apos;amd64&amp;apos;, os.version: &amp;apos;6.3&amp;apos;, java.version: &amp;apos;1.8.0_101&amp;apos;
Driver info: org.openqa.selenium.chrome.ChromeDriver
Capabilities [{applicationCacheEnabled=false, rotatable=false, mobileEmulationEnabled=false, networkConnectionEnabled=false, chrome={chromedriverVersion=2.24.417431 (9aea000394714d2fbb20850021f6204f2256b9cf), userDataDir=C:\Users\ASHISH~1.TAN\AppData\Local\Temp\scoped_dir7196_28945}, takesHeapSnapshot=true, pageLoadStrategy=normal, databaseEnabled=false, handlesAlerts=true, hasTouchScreen=false, version=56.0.2924.87, platform=WIN8_1, browserConnectionEnabled=false, nativeEvents=true, acceptSslCerts=true, locationContextEnabled=true, webStorageEnabled=true, browserName=chrome, takesScreenshot=true, javascriptEnabled=true, cssSelectorsEnabled=true}]
Session ID: 7448d6d20a020a500cdeb142b75dceb1">
      <![CDATA[org.openqa.selenium.WebDriverException: unknown error: cannot get automation extension
from chrome not reachable
  (Session info: chrome=56.0.2924.87)
  (Driver info: chromedriver=2.24.417431 (9aea000394714d2fbb20850021f6204f2256b9cf),platform=Windows NT 6.3.9600 x86_64) (WARNING: The server did not provide any stacktrace information)
Command duration or timeout: 2.02 seconds
Build info: version: '2.53.0', revision: '35ae25b', time: '2016-03-15 16:57:40'
System info: host: 'TIGUNVTIWRL0002', ip: '192.168.56.1', os.name: 'Windows 8.1', os.arch: 'amd64', os.version: '6.3', java.version: '1.8.0_101'
Driver info: org.openqa.selenium.chrome.ChromeDriver
Capabilities [{applicationCacheEnabled=false, rotatable=false, mobileEmulationEnabled=false, networkConnectionEnabled=false, chrome={chromedriverVersion=2.24.417431 (9aea000394714d2fbb20850021f6204f2256b9cf), userDataDir=C:\Users\ASHISH~1.TAN\AppData\Local\Temp\scoped_dir7196_28945}, takesHeapSnapshot=true, pageLoadStrategy=normal, databaseEnabled=false, handlesAlerts=true, hasTouchScreen=false, version=56.0.2924.87, platform=WIN8_1, browserConnectionEnabled=false, nativeEvents=true, acceptSslCerts=true, locationContextEnabled=true, webStorageEnabled=true, browserName=chrome, takesScreenshot=true, javascriptEnabled=true, cssSelectorsEnabled=true}]
Session ID: 7448d6d20a020a500cdeb142b75dceb1
	at org.openqa.selenium.remote.ErrorHandler.createThrowable(ErrorHandler.java:206)
	at org.openqa.selenium.remote.ErrorHandler.throwIfResponseFailed(ErrorHandler.java:158)
	at org.openqa.selenium.remote.RemoteWebDriver.execute(RemoteWebDriver.java:678)
	at org.openqa.selenium.remote.RemoteWebDriver$RemoteWebDriverOptions$RemoteWindow.maximize(RemoteWebDriver.java:945)
	at bw_dd_core.Page.init(Page.java:68)
... Removed 22 stack frames]]>
    </failure>
  </testcase> <!-- @BeforeSuite init -->
  <testcase name="@BeforeTest isSkip" time="0.0" classname="bw_dd_testcases.AccountSanity">
    <skipped/>
  </testcase> <!-- @BeforeTest isSkip -->
  <testcase name="@BeforeTest isSkip" time="0.0" classname="bw_dd_testcases.AccountSanity">
    <skipped/>
  </testcase> <!-- @BeforeTest isSkip -->
  <testcase name="@AfterTest logout" time="0.0" classname="bw_dd_testcases.AccountSanity">
    <skipped/>
  </testcase> <!-- @AfterTest logout -->
  <testcase name="@AfterTest logout" time="0.0" classname="bw_dd_testcases.AccountSanity">
    <skipped/>
  </testcase> <!-- @AfterTest logout -->
  <testcase name="login" time="0.0" classname="bw_dd_testcases.SalesSanity">
    <skipped/>
  </testcase> <!-- login -->
  <testcase name="LeadDashboard" time="0.0" classname="bw_dd_testcases.SalesSanity">
    <skipped/>
  </testcase> <!-- LeadDashboard -->
  <testcase name="CreateLead" time="0.0" classname="bw_dd_testcases.SalesSanity">
    <skipped/>
  </testcase> <!-- CreateLead -->
  <testcase name="CreateAccount" time="0.0" classname="bw_dd_testcases.SalesSanity">
    <skipped/>
  </testcase> <!-- CreateAccount -->
  <testcase name="SalesDashboard" time="0.0" classname="bw_dd_testcases.SalesSanity">
    <skipped/>
  </testcase> <!-- SalesDashboard -->
  <testcase name="RecordSales" time="0.0" classname="bw_dd_testcases.SalesSanity">
    <skipped/>
  </testcase> <!-- RecordSales -->
  <testcase name="ManageProduct" time="0.0" classname="bw_dd_testcases.SalesSanity">
    <skipped/>
  </testcase> <!-- ManageProduct -->
  <testcase name="Invoices" time="0.015" classname="bw_dd_testcases.SalesSanity">
    <skipped/>
  </testcase> <!-- Invoices -->
  <testcase name="ExecutiveDashboard" time="0.0" classname="bw_dd_testcases.SalesSanity">
    <skipped/>
  </testcase> <!-- ExecutiveDashboard -->
  <testcase name="CreateExecutive" time="0.0" classname="bw_dd_testcases.SalesSanity">
    <skipped/>
  </testcase> <!-- CreateExecutive -->
  <testcase name="login" time="0.0" classname="bw_dd_testcases.AccountSanity">
    <skipped/>
  </testcase> <!-- login -->
  <testcase name="AccountDashboard" time="0.0" classname="bw_dd_testcases.AccountSanity">
    <skipped/>
  </testcase> <!-- AccountDashboard -->
  <testcase name="CreateAccount" time="0.0" classname="bw_dd_testcases.AccountSanity">
    <skipped/>
  </testcase> <!-- CreateAccount -->
  <testcase name="createBrand" time="0.0" classname="bw_dd_testcases.AccountSanity">
    <skipped/>
  </testcase> <!-- createBrand -->
  <testcase name="manageBrand" time="0.0" classname="bw_dd_testcases.AccountSanity">
    <skipped/>
  </testcase> <!-- manageBrand -->
  <testcase name="createManager" time="0.016" classname="bw_dd_testcases.AccountSanity">
    <skipped/>
  </testcase> <!-- createManager -->
  <testcase name="manageManager" time="0.0" classname="bw_dd_testcases.AccountSanity">
    <skipped/>
  </testcase> <!-- manageManager -->
  <testcase name="ManageProduct" time="0.0" classname="bw_dd_testcases.AccountSanity">
    <skipped/>
  </testcase> <!-- ManageProduct -->
  <testcase name="ManagePublication" time="0.0" classname="bw_dd_testcases.AccountSanity">
    <skipped/>
  </testcase> <!-- ManagePublication -->
  <testcase name="ExecutiveDashboard" time="0.0" classname="bw_dd_testcases.AccountSanity">
    <skipped/>
  </testcase> <!-- ExecutiveDashboard -->
  <testcase name="CreateExecutive" time="0.0" classname="bw_dd_testcases.AccountSanity">
    <skipped/>
  </testcase> <!-- CreateExecutive -->
</testsuite> <!-- Test -->
