<html>
<head>
<title>TestNG:  Test8</title>
<link href="../testng.css" rel="stylesheet" type="text/css" />
<link href="../my-testng.css" rel="stylesheet" type="text/css" />

<style type="text/css">
.log { display: none;} 
.stack-trace { display: none;} 
</style>
<script type="text/javascript">
<!--
function flip(e) {
  current = e.style.display;
  if (current == 'block') {
    e.style.display = 'none';
    return 0;
  }
  else {
    e.style.display = 'block';
    return 1;
  }
}

function toggleBox(szDivId, elem, msg1, msg2)
{
  var res = -1;  if (document.getElementById) {
    res = flip(document.getElementById(szDivId));
  }
  else if (document.all) {
    // this is the way old msie versions work
    res = flip(document.all[szDivId]);
  }
  if(elem) {
    if(res == 0) elem.innerHTML = msg1; else elem.innerHTML = msg2;
  }

}

function toggleAllBoxes() {
  if (document.getElementsByTagName) {
    d = document.getElementsByTagName('div');
    for (i = 0; i < d.length; i++) {
      if (d[i].className == 'log') {
        flip(d[i]);
      }
    }
  }
}

// -->
</script>

</head>
<body>
<h2 align='center'>Test8</h2><table border='1' align="center">
<tr>
<td>Tests passed/Failed/Skipped:</td><td>19/2/4</td>
</tr><tr>
<td>Started on:</td><td>Wed May 24 09:28:13 IST 2017</td>
</tr>
<tr><td>Total time:</td><td>75 seconds (75173 ms)</td>
</tr><tr>
<td>Included groups:</td><td></td>
</tr><tr>
<td>Excluded groups:</td><td></td>
</tr>
</table><p/>
<small><i>(Hover the method name to see the test class name)</i></small><p/>
<table width='100%' border='1' class='invocation-failed'>
<tr><td colspan='4' align='center'><b>FAILED TESTS</b></td></tr>
<tr><td><b>Test method</b></td>
<td width="30%"><b>Exception</b></td>
<td width="10%"><b>Time (seconds)</b></td>
<td><b>Instance</b></td>
</tr>
<tr>
<td title='bw_dd_testcases.AgencyClient.Manage_Request()'><b>Manage_Request</b><br>Test class: bw_dd_testcases.AgencyClient</td>
<td><div><pre>java.lang.AssertionError: null
	at bw_dd_testcases.AgencyClient.Manage_Request(AgencyClient.java:608)
... Removed 26 stack frames</pre></div><a href='#' onClick='toggleBox("stack-trace1450500594", this, "Click to show all stack frames", "Click to hide stack frames")'>Click to show all stack frames</a>
<div class='stack-trace' id='stack-trace1450500594'><pre>java.lang.AssertionError: null
	at org.testng.Assert.fail(Assert.java:94)
	at org.testng.Assert.fail(Assert.java:101)
	at bw_dd_testcases.AgencyClient.Manage_Request(AgencyClient.java:608)
	at sun.reflect.NativeMethodAccessorImpl.invoke0(Native Method)
	at sun.reflect.NativeMethodAccessorImpl.invoke(NativeMethodAccessorImpl.java:62)
	at sun.reflect.DelegatingMethodAccessorImpl.invoke(DelegatingMethodAccessorImpl.java:43)
	at java.lang.reflect.Method.invoke(Method.java:498)
	at org.testng.internal.MethodInvocationHelper.invokeMethod(MethodInvocationHelper.java:85)
	at org.testng.internal.Invoker.invokeMethod(Invoker.java:639)
	at org.testng.internal.Invoker.retryFailed(Invoker.java:963)
	at org.testng.internal.Invoker.invokeTestMethods(Invoker.java:1142)
	at org.testng.internal.TestMethodWorker.invokeTestMethods(TestMethodWorker.java:125)
	at org.testng.internal.TestMethodWorker.run(TestMethodWorker.java:108)
	at org.testng.TestRunner.privateRun(TestRunner.java:774)
	at org.testng.TestRunner.run(TestRunner.java:624)
	at org.testng.SuiteRunner.runTest(SuiteRunner.java:359)
	at org.testng.SuiteRunner.runSequentially(SuiteRunner.java:354)
	at org.testng.SuiteRunner.privateRun(SuiteRunner.java:312)
	at org.testng.SuiteRunner.run(SuiteRunner.java:261)
	at org.testng.SuiteRunnerWorker.runSuite(SuiteRunnerWorker.java:52)
	at org.testng.SuiteRunnerWorker.run(SuiteRunnerWorker.java:86)
	at org.testng.TestNG.runSuitesSequentially(TestNG.java:1215)
	at org.testng.TestNG.runSuitesLocally(TestNG.java:1140)
	at org.testng.TestNG.run(TestNG.java:1048)
	at org.testng.remote.AbstractRemoteTestNG.run(AbstractRemoteTestNG.java:132)
	at org.testng.remote.RemoteTestNG.initAndRun(RemoteTestNG.java:230)
	at org.testng.remote.RemoteTestNG.main(RemoteTestNG.java:76)
</pre></div></td>
<td>0</td>
<td>bw_dd_testcases.AgencyClient@245b4bdc</td></tr>
<tr>
<td title='bw_dd_testcases.AgencyClient.Notification()'><b>Notification</b><br>Test class: bw_dd_testcases.AgencyClient</td>
<td><div><pre>java.lang.AssertionError: null
	at bw_dd_testcases.AgencyClient.Notification(AgencyClient.java:1112)
... Removed 26 stack frames</pre></div><a href='#' onClick='toggleBox("stack-trace1632497828", this, "Click to show all stack frames", "Click to hide stack frames")'>Click to show all stack frames</a>
<div class='stack-trace' id='stack-trace1632497828'><pre>java.lang.AssertionError: null
	at org.testng.Assert.fail(Assert.java:94)
	at org.testng.Assert.fail(Assert.java:101)
	at bw_dd_testcases.AgencyClient.Notification(AgencyClient.java:1112)
	at sun.reflect.NativeMethodAccessorImpl.invoke0(Native Method)
	at sun.reflect.NativeMethodAccessorImpl.invoke(NativeMethodAccessorImpl.java:62)
	at sun.reflect.DelegatingMethodAccessorImpl.invoke(DelegatingMethodAccessorImpl.java:43)
	at java.lang.reflect.Method.invoke(Method.java:498)
	at org.testng.internal.MethodInvocationHelper.invokeMethod(MethodInvocationHelper.java:85)
	at org.testng.internal.Invoker.invokeMethod(Invoker.java:639)
	at org.testng.internal.Invoker.retryFailed(Invoker.java:963)
	at org.testng.internal.Invoker.invokeTestMethods(Invoker.java:1142)
	at org.testng.internal.TestMethodWorker.invokeTestMethods(TestMethodWorker.java:125)
	at org.testng.internal.TestMethodWorker.run(TestMethodWorker.java:108)
	at org.testng.TestRunner.privateRun(TestRunner.java:774)
	at org.testng.TestRunner.run(TestRunner.java:624)
	at org.testng.SuiteRunner.runTest(SuiteRunner.java:359)
	at org.testng.SuiteRunner.runSequentially(SuiteRunner.java:354)
	at org.testng.SuiteRunner.privateRun(SuiteRunner.java:312)
	at org.testng.SuiteRunner.run(SuiteRunner.java:261)
	at org.testng.SuiteRunnerWorker.runSuite(SuiteRunnerWorker.java:52)
	at org.testng.SuiteRunnerWorker.run(SuiteRunnerWorker.java:86)
	at org.testng.TestNG.runSuitesSequentially(TestNG.java:1215)
	at org.testng.TestNG.runSuitesLocally(TestNG.java:1140)
	at org.testng.TestNG.run(TestNG.java:1048)
	at org.testng.remote.AbstractRemoteTestNG.run(AbstractRemoteTestNG.java:132)
	at org.testng.remote.RemoteTestNG.initAndRun(RemoteTestNG.java:230)
	at org.testng.remote.RemoteTestNG.main(RemoteTestNG.java:76)
</pre></div></td>
<td>1</td>
<td>bw_dd_testcases.AgencyClient@245b4bdc</td></tr>
</table><p>
<table width='100%' border='1' class='invocation-passed'>
<tr><td colspan='4' align='center'><b>PASSED TESTS</b></td></tr>
<tr><td><b>Test method</b></td>
<td width="30%"><b>Exception</b></td>
<td width="10%"><b>Time (seconds)</b></td>
<td><b>Instance</b></td>
</tr>
<tr>
<td title='bw_dd_testcases.AgencyClient.Brand_Addendum_History()'><b>Brand_Addendum_History</b><br>Test class: bw_dd_testcases.AgencyClient</td>
<td></td>
<td>4</td>
<td>bw_dd_testcases.AgencyClient@245b4bdc</td></tr>
<tr>
<td title='bw_dd_testcases.AgencyClient.Brand_Comment_History()'><b>Brand_Comment_History</b><br>Test class: bw_dd_testcases.AgencyClient</td>
<td></td>
<td>3</td>
<td>bw_dd_testcases.AgencyClient@245b4bdc</td></tr>
<tr>
<td title='bw_dd_testcases.AgencyClient.Brand_Response_History()'><b>Brand_Response_History</b><br>Test class: bw_dd_testcases.AgencyClient</td>
<td></td>
<td>3</td>
<td>bw_dd_testcases.AgencyClient@245b4bdc</td></tr>
<tr>
<td title='bw_dd_testcases.AgencyClient.Client_info()'><b>Client_info</b><br>Test class: bw_dd_testcases.AgencyClient</td>
<td></td>
<td>3</td>
<td>bw_dd_testcases.AgencyClient@245b4bdc</td></tr>
<tr>
<td title='bw_dd_testcases.AgencyClient.Company_Information()'><b>Company_Information</b><br>Test class: bw_dd_testcases.AgencyClient</td>
<td></td>
<td>3</td>
<td>bw_dd_testcases.AgencyClient@245b4bdc</td></tr>
<tr>
<td title='bw_dd_testcases.AgencyClient.Manage_Product_Assign()'><b>Manage_Product_Assign</b><br>Test class: bw_dd_testcases.AgencyClient</td>
<td></td>
<td>3</td>
<td>bw_dd_testcases.AgencyClient@245b4bdc</td></tr>
<tr>
<td title='bw_dd_testcases.AgencyClient.Manage_manager()'><b>Manage_manager</b><br>Test class: bw_dd_testcases.AgencyClient</td>
<td></td>
<td>2</td>
<td>bw_dd_testcases.AgencyClient@245b4bdc</td></tr>
<tr>
<td title='bw_dd_testcases.AgencyClient.Media_Center()'><b>Media_Center</b><br>Test class: bw_dd_testcases.AgencyClient</td>
<td></td>
<td>7</td>
<td>bw_dd_testcases.AgencyClient@245b4bdc</td></tr>
<tr>
<td title='bw_dd_testcases.AgencyClient.My_Profile()'><b>My_Profile</b><br>Test class: bw_dd_testcases.AgencyClient</td>
<td></td>
<td>2</td>
<td>bw_dd_testcases.AgencyClient@245b4bdc</td></tr>
<tr>
<td title='bw_dd_testcases.AgencyClient.Offerings_AF()'><b>Offerings_AF</b><br>Test class: bw_dd_testcases.AgencyClient</td>
<td></td>
<td>0</td>
<td>bw_dd_testcases.AgencyClient@245b4bdc</td></tr>
<tr>
<td title='bw_dd_testcases.AgencyClient.Offerings_BC()'><b>Offerings_BC</b><br>Test class: bw_dd_testcases.AgencyClient</td>
<td></td>
<td>0</td>
<td>bw_dd_testcases.AgencyClient@245b4bdc</td></tr>
<tr>
<td title='bw_dd_testcases.AgencyClient.Offerings_BR()'><b>Offerings_BR</b><br>Test class: bw_dd_testcases.AgencyClient</td>
<td></td>
<td>0</td>
<td>bw_dd_testcases.AgencyClient@245b4bdc</td></tr>
<tr>
<td title='bw_dd_testcases.AgencyClient.Offerings_PR()'><b>Offerings_PR</b><br>Test class: bw_dd_testcases.AgencyClient</td>
<td></td>
<td>7</td>
<td>bw_dd_testcases.AgencyClient@245b4bdc</td></tr>
<tr>
<td title='bw_dd_testcases.AgencyClient.Offerings_Press_Release()'><b>Offerings_Press_Release</b><br>Test class: bw_dd_testcases.AgencyClient</td>
<td></td>
<td>4</td>
<td>bw_dd_testcases.AgencyClient@245b4bdc</td></tr>
<tr>
<td title='bw_dd_testcases.AgencyClient.Offerings_RQ()'><b>Offerings_RQ</b><br>Test class: bw_dd_testcases.AgencyClient</td>
<td></td>
<td>2</td>
<td>bw_dd_testcases.AgencyClient@245b4bdc</td></tr>
<tr>
<td title='bw_dd_testcases.AgencyClient.Press_Release_History()'><b>Press_Release_History</b><br>Test class: bw_dd_testcases.AgencyClient</td>
<td></td>
<td>5</td>
<td>bw_dd_testcases.AgencyClient@245b4bdc</td></tr>
<tr>
<td title='bw_dd_testcases.AgencyClient.QnA_Dashboard()'><b>QnA_Dashboard</b><br>Test class: bw_dd_testcases.AgencyClient</td>
<td></td>
<td>3</td>
<td>bw_dd_testcases.AgencyClient@245b4bdc</td></tr>
<tr>
<td title='bw_dd_testcases.AgencyClient.Usage_History()'><b>Usage_History</b><br>Test class: bw_dd_testcases.AgencyClient</td>
<td></td>
<td>3</td>
<td>bw_dd_testcases.AgencyClient@245b4bdc</td></tr>
<tr>
<td title='bw_dd_testcases.AgencyClient.login()'><b>login</b><br>Test class: bw_dd_testcases.AgencyClient</td>
<td></td>
<td>2</td>
<td>bw_dd_testcases.AgencyClient@245b4bdc</td></tr>
</table><p>
<table width='100%' border='1' class='invocation-skipped'>
<tr><td colspan='4' align='center'><b>SKIPPED TESTS</b></td></tr>
<tr><td><b>Test method</b></td>
<td width="30%"><b>Exception</b></td>
<td width="10%"><b>Time (seconds)</b></td>
<td><b>Instance</b></td>
</tr>
<tr>
<td title='bw_dd_testcases.AgencyClient.Manage_Request()'><b>Manage_Request</b><br>Test class: bw_dd_testcases.AgencyClient</td>
<td><div><pre>java.lang.AssertionError: null
	at bw_dd_testcases.AgencyClient.Manage_Request(AgencyClient.java:608)
... Removed 26 stack frames</pre></div><a href='#' onClick='toggleBox("stack-trace1963075870", this, "Click to show all stack frames", "Click to hide stack frames")'>Click to show all stack frames</a>
<div class='stack-trace' id='stack-trace1963075870'><pre>java.lang.AssertionError: null
	at org.testng.Assert.fail(Assert.java:94)
	at org.testng.Assert.fail(Assert.java:101)
	at bw_dd_testcases.AgencyClient.Manage_Request(AgencyClient.java:608)
	at sun.reflect.NativeMethodAccessorImpl.invoke0(Native Method)
	at sun.reflect.NativeMethodAccessorImpl.invoke(NativeMethodAccessorImpl.java:62)
	at sun.reflect.DelegatingMethodAccessorImpl.invoke(DelegatingMethodAccessorImpl.java:43)
	at java.lang.reflect.Method.invoke(Method.java:498)
	at org.testng.internal.MethodInvocationHelper.invokeMethod(MethodInvocationHelper.java:85)
	at org.testng.internal.Invoker.invokeMethod(Invoker.java:639)
	at org.testng.internal.Invoker.invokeTestMethod(Invoker.java:816)
	at org.testng.internal.Invoker.invokeTestMethods(Invoker.java:1124)
	at org.testng.internal.TestMethodWorker.invokeTestMethods(TestMethodWorker.java:125)
	at org.testng.internal.TestMethodWorker.run(TestMethodWorker.java:108)
	at org.testng.TestRunner.privateRun(TestRunner.java:774)
	at org.testng.TestRunner.run(TestRunner.java:624)
	at org.testng.SuiteRunner.runTest(SuiteRunner.java:359)
	at org.testng.SuiteRunner.runSequentially(SuiteRunner.java:354)
	at org.testng.SuiteRunner.privateRun(SuiteRunner.java:312)
	at org.testng.SuiteRunner.run(SuiteRunner.java:261)
	at org.testng.SuiteRunnerWorker.runSuite(SuiteRunnerWorker.java:52)
	at org.testng.SuiteRunnerWorker.run(SuiteRunnerWorker.java:86)
	at org.testng.TestNG.runSuitesSequentially(TestNG.java:1215)
	at org.testng.TestNG.runSuitesLocally(TestNG.java:1140)
	at org.testng.TestNG.run(TestNG.java:1048)
	at org.testng.remote.AbstractRemoteTestNG.run(AbstractRemoteTestNG.java:132)
	at org.testng.remote.RemoteTestNG.initAndRun(RemoteTestNG.java:230)
	at org.testng.remote.RemoteTestNG.main(RemoteTestNG.java:76)
</pre></div></td>
<td>0</td>
<td>bw_dd_testcases.AgencyClient@245b4bdc</td></tr>
<tr>
<td title='bw_dd_testcases.AgencyClient.Manage_Request()'><b>Manage_Request</b><br>Test class: bw_dd_testcases.AgencyClient</td>
<td><div><pre>java.lang.AssertionError: null
	at bw_dd_testcases.AgencyClient.Manage_Request(AgencyClient.java:608)
... Removed 26 stack frames</pre></div><a href='#' onClick='toggleBox("stack-trace582666172", this, "Click to show all stack frames", "Click to hide stack frames")'>Click to show all stack frames</a>
<div class='stack-trace' id='stack-trace582666172'><pre>java.lang.AssertionError: null
	at org.testng.Assert.fail(Assert.java:94)
	at org.testng.Assert.fail(Assert.java:101)
	at bw_dd_testcases.AgencyClient.Manage_Request(AgencyClient.java:608)
	at sun.reflect.NativeMethodAccessorImpl.invoke0(Native Method)
	at sun.reflect.NativeMethodAccessorImpl.invoke(NativeMethodAccessorImpl.java:62)
	at sun.reflect.DelegatingMethodAccessorImpl.invoke(DelegatingMethodAccessorImpl.java:43)
	at java.lang.reflect.Method.invoke(Method.java:498)
	at org.testng.internal.MethodInvocationHelper.invokeMethod(MethodInvocationHelper.java:85)
	at org.testng.internal.Invoker.invokeMethod(Invoker.java:639)
	at org.testng.internal.Invoker.retryFailed(Invoker.java:963)
	at org.testng.internal.Invoker.invokeTestMethods(Invoker.java:1142)
	at org.testng.internal.TestMethodWorker.invokeTestMethods(TestMethodWorker.java:125)
	at org.testng.internal.TestMethodWorker.run(TestMethodWorker.java:108)
	at org.testng.TestRunner.privateRun(TestRunner.java:774)
	at org.testng.TestRunner.run(TestRunner.java:624)
	at org.testng.SuiteRunner.runTest(SuiteRunner.java:359)
	at org.testng.SuiteRunner.runSequentially(SuiteRunner.java:354)
	at org.testng.SuiteRunner.privateRun(SuiteRunner.java:312)
	at org.testng.SuiteRunner.run(SuiteRunner.java:261)
	at org.testng.SuiteRunnerWorker.runSuite(SuiteRunnerWorker.java:52)
	at org.testng.SuiteRunnerWorker.run(SuiteRunnerWorker.java:86)
	at org.testng.TestNG.runSuitesSequentially(TestNG.java:1215)
	at org.testng.TestNG.runSuitesLocally(TestNG.java:1140)
	at org.testng.TestNG.run(TestNG.java:1048)
	at org.testng.remote.AbstractRemoteTestNG.run(AbstractRemoteTestNG.java:132)
	at org.testng.remote.RemoteTestNG.initAndRun(RemoteTestNG.java:230)
	at org.testng.remote.RemoteTestNG.main(RemoteTestNG.java:76)
</pre></div></td>
<td>0</td>
<td>bw_dd_testcases.AgencyClient@245b4bdc</td></tr>
<tr>
<td title='bw_dd_testcases.AgencyClient.Notification()'><b>Notification</b><br>Test class: bw_dd_testcases.AgencyClient</td>
<td><div><pre>java.lang.AssertionError: null
	at bw_dd_testcases.AgencyClient.Notification(AgencyClient.java:1112)
... Removed 26 stack frames</pre></div><a href='#' onClick='toggleBox("stack-trace2033524545", this, "Click to show all stack frames", "Click to hide stack frames")'>Click to show all stack frames</a>
<div class='stack-trace' id='stack-trace2033524545'><pre>java.lang.AssertionError: null
	at org.testng.Assert.fail(Assert.java:94)
	at org.testng.Assert.fail(Assert.java:101)
	at bw_dd_testcases.AgencyClient.Notification(AgencyClient.java:1112)
	at sun.reflect.NativeMethodAccessorImpl.invoke0(Native Method)
	at sun.reflect.NativeMethodAccessorImpl.invoke(NativeMethodAccessorImpl.java:62)
	at sun.reflect.DelegatingMethodAccessorImpl.invoke(DelegatingMethodAccessorImpl.java:43)
	at java.lang.reflect.Method.invoke(Method.java:498)
	at org.testng.internal.MethodInvocationHelper.invokeMethod(MethodInvocationHelper.java:85)
	at org.testng.internal.Invoker.invokeMethod(Invoker.java:639)
	at org.testng.internal.Invoker.invokeTestMethod(Invoker.java:816)
	at org.testng.internal.Invoker.invokeTestMethods(Invoker.java:1124)
	at org.testng.internal.TestMethodWorker.invokeTestMethods(TestMethodWorker.java:125)
	at org.testng.internal.TestMethodWorker.run(TestMethodWorker.java:108)
	at org.testng.TestRunner.privateRun(TestRunner.java:774)
	at org.testng.TestRunner.run(TestRunner.java:624)
	at org.testng.SuiteRunner.runTest(SuiteRunner.java:359)
	at org.testng.SuiteRunner.runSequentially(SuiteRunner.java:354)
	at org.testng.SuiteRunner.privateRun(SuiteRunner.java:312)
	at org.testng.SuiteRunner.run(SuiteRunner.java:261)
	at org.testng.SuiteRunnerWorker.runSuite(SuiteRunnerWorker.java:52)
	at org.testng.SuiteRunnerWorker.run(SuiteRunnerWorker.java:86)
	at org.testng.TestNG.runSuitesSequentially(TestNG.java:1215)
	at org.testng.TestNG.runSuitesLocally(TestNG.java:1140)
	at org.testng.TestNG.run(TestNG.java:1048)
	at org.testng.remote.AbstractRemoteTestNG.run(AbstractRemoteTestNG.java:132)
	at org.testng.remote.RemoteTestNG.initAndRun(RemoteTestNG.java:230)
	at org.testng.remote.RemoteTestNG.main(RemoteTestNG.java:76)
</pre></div></td>
<td>1</td>
<td>bw_dd_testcases.AgencyClient@245b4bdc</td></tr>
<tr>
<td title='bw_dd_testcases.AgencyClient.Notification()'><b>Notification</b><br>Test class: bw_dd_testcases.AgencyClient</td>
<td><div><pre>java.lang.AssertionError: null
	at bw_dd_testcases.AgencyClient.Notification(AgencyClient.java:1112)
... Removed 26 stack frames</pre></div><a href='#' onClick='toggleBox("stack-trace1404932042", this, "Click to show all stack frames", "Click to hide stack frames")'>Click to show all stack frames</a>
<div class='stack-trace' id='stack-trace1404932042'><pre>java.lang.AssertionError: null
	at org.testng.Assert.fail(Assert.java:94)
	at org.testng.Assert.fail(Assert.java:101)
	at bw_dd_testcases.AgencyClient.Notification(AgencyClient.java:1112)
	at sun.reflect.NativeMethodAccessorImpl.invoke0(Native Method)
	at sun.reflect.NativeMethodAccessorImpl.invoke(NativeMethodAccessorImpl.java:62)
	at sun.reflect.DelegatingMethodAccessorImpl.invoke(DelegatingMethodAccessorImpl.java:43)
	at java.lang.reflect.Method.invoke(Method.java:498)
	at org.testng.internal.MethodInvocationHelper.invokeMethod(MethodInvocationHelper.java:85)
	at org.testng.internal.Invoker.invokeMethod(Invoker.java:639)
	at org.testng.internal.Invoker.retryFailed(Invoker.java:963)
	at org.testng.internal.Invoker.invokeTestMethods(Invoker.java:1142)
	at org.testng.internal.TestMethodWorker.invokeTestMethods(TestMethodWorker.java:125)
	at org.testng.internal.TestMethodWorker.run(TestMethodWorker.java:108)
	at org.testng.TestRunner.privateRun(TestRunner.java:774)
	at org.testng.TestRunner.run(TestRunner.java:624)
	at org.testng.SuiteRunner.runTest(SuiteRunner.java:359)
	at org.testng.SuiteRunner.runSequentially(SuiteRunner.java:354)
	at org.testng.SuiteRunner.privateRun(SuiteRunner.java:312)
	at org.testng.SuiteRunner.run(SuiteRunner.java:261)
	at org.testng.SuiteRunnerWorker.runSuite(SuiteRunnerWorker.java:52)
	at org.testng.SuiteRunnerWorker.run(SuiteRunnerWorker.java:86)
	at org.testng.TestNG.runSuitesSequentially(TestNG.java:1215)
	at org.testng.TestNG.runSuitesLocally(TestNG.java:1140)
	at org.testng.TestNG.run(TestNG.java:1048)
	at org.testng.remote.AbstractRemoteTestNG.run(AbstractRemoteTestNG.java:132)
	at org.testng.remote.RemoteTestNG.initAndRun(RemoteTestNG.java:230)
	at org.testng.remote.RemoteTestNG.main(RemoteTestNG.java:76)
</pre></div></td>
<td>1</td>
<td>bw_dd_testcases.AgencyClient@245b4bdc</td></tr>
</table><p>
</body>
</html>